Analysis & Synthesis report for PBL
Wed Sep 10 15:12:27 2025
Quartus Prime Version 23.1std.0 Build 991 11/28/2023 SC Lite Edition


---------------------
; Table of Contents ;
---------------------
  1. Legal Notice
  2. Analysis & Synthesis Summary
  3. Analysis & Synthesis Settings
  4. Parallel Compilation
  5. Analysis & Synthesis Source Files Read
  6. Analysis & Synthesis Resource Usage Summary
  7. Analysis & Synthesis Resource Utilization by Entity
  8. Analysis & Synthesis RAM Summary
  9. Analysis & Synthesis IP Cores Summary
 10. State Machine - |main|vga_module:vga_inst|v_state
 11. State Machine - |main|vga_module:vga_inst|h_state
 12. Registers Removed During Synthesis
 13. General Register Statistics
 14. Multiplexer Restructuring Statistics (Restructuring Performed)
 15. Source assignments for rom:inst_rom|altsyncram:altsyncram_component|altsyncram_qrf1:auto_generated
 16. Parameter Settings for User Entity Instance: rom:inst_rom|altsyncram:altsyncram_component
 17. Parameter Settings for User Entity Instance: vga_module:vga_inst
 18. altsyncram Parameter Settings by Entity Instance
 19. Post-Synthesis Netlist Statistics for Top Partition
 20. Elapsed Time Per Partition
 21. Analysis & Synthesis Messages



----------------
; Legal Notice ;
----------------
Copyright (C) 2023  Intel Corporation. All rights reserved.
Your use of Intel Corporation's design tools, logic functions 
and other software and tools, and any partner logic 
functions, and any output files from any of the foregoing 
(including device programming or simulation files), and any 
associated documentation or information are expressly subject 
to the terms and conditions of the Intel Program License 
Subscription Agreement, the Intel Quartus Prime License Agreement,
the Intel FPGA IP License Agreement, or other applicable license
agreement, including, without limitation, that your use is for
the sole purpose of programming logic devices manufactured by
Intel and sold by Intel or its authorized distributors.  Please
refer to the applicable agreement for further details, at
https://fpgasoftware.intel.com/eula.



+----------------------------------------------------------------------------------+
; Analysis & Synthesis Summary                                                     ;
+---------------------------------+------------------------------------------------+
; Analysis & Synthesis Status     ; Successful - Wed Sep 10 15:12:27 2025          ;
; Quartus Prime Version           ; 23.1std.0 Build 991 11/28/2023 SC Lite Edition ;
; Revision Name                   ; PBL                                            ;
; Top-level Entity Name           ; main                                           ;
; Family                          ; Cyclone V                                      ;
; Logic utilization (in ALMs)     ; N/A                                            ;
; Total registers                 ; 69                                             ;
; Total pins                      ; 30                                             ;
; Total virtual pins              ; 0                                              ;
; Total block memory bits         ; 230,400                                        ;
; Total DSP Blocks                ; 0                                              ;
; Total HSSI RX PCSs              ; 0                                              ;
; Total HSSI PMA RX Deserializers ; 0                                              ;
; Total HSSI TX PCSs              ; 0                                              ;
; Total HSSI PMA TX Serializers   ; 0                                              ;
; Total PLLs                      ; 0                                              ;
; Total DLLs                      ; 0                                              ;
+---------------------------------+------------------------------------------------+


+---------------------------------------------------------------------------------------------------------------------------+
; Analysis & Synthesis Settings                                                                                             ;
+---------------------------------------------------------------------------------+--------------------+--------------------+
; Option                                                                          ; Setting            ; Default Value      ;
+---------------------------------------------------------------------------------+--------------------+--------------------+
; Device                                                                          ; 5CSEMA5F31C6       ;                    ;
; Top-level entity name                                                           ; main               ; PBL                ;
; Family name                                                                     ; Cyclone V          ; Cyclone V          ;
; Use smart compilation                                                           ; Off                ; Off                ;
; Enable parallel Assembler and Timing Analyzer during compilation                ; On                 ; On                 ;
; Enable compact report table                                                     ; Off                ; Off                ;
; Restructure Multiplexers                                                        ; Auto               ; Auto               ;
; MLAB Add Timing Constraints For Mixed-Port Feed-Through Mode Setting Don't Care ; Off                ; Off                ;
; Create Debugging Nodes for IP Cores                                             ; Off                ; Off                ;
; Preserve fewer node names                                                       ; On                 ; On                 ;
; Intel FPGA IP Evaluation Mode                                                   ; Enable             ; Enable             ;
; Verilog Version                                                                 ; Verilog_2001       ; Verilog_2001       ;
; VHDL Version                                                                    ; VHDL_1993          ; VHDL_1993          ;
; State Machine Processing                                                        ; Auto               ; Auto               ;
; Safe State Machine                                                              ; Off                ; Off                ;
; Extract Verilog State Machines                                                  ; On                 ; On                 ;
; Extract VHDL State Machines                                                     ; On                 ; On                 ;
; Ignore Verilog initial constructs                                               ; Off                ; Off                ;
; Iteration limit for constant Verilog loops                                      ; 5000               ; 5000               ;
; Iteration limit for non-constant Verilog loops                                  ; 250                ; 250                ;
; Add Pass-Through Logic to Inferred RAMs                                         ; On                 ; On                 ;
; Infer RAMs from Raw Logic                                                       ; On                 ; On                 ;
; Parallel Synthesis                                                              ; On                 ; On                 ;
; DSP Block Balancing                                                             ; Auto               ; Auto               ;
; NOT Gate Push-Back                                                              ; On                 ; On                 ;
; Power-Up Don't Care                                                             ; On                 ; On                 ;
; Remove Redundant Logic Cells                                                    ; Off                ; Off                ;
; Remove Duplicate Registers                                                      ; On                 ; On                 ;
; Ignore CARRY Buffers                                                            ; Off                ; Off                ;
; Ignore CASCADE Buffers                                                          ; Off                ; Off                ;
; Ignore GLOBAL Buffers                                                           ; Off                ; Off                ;
; Ignore ROW GLOBAL Buffers                                                       ; Off                ; Off                ;
; Ignore LCELL Buffers                                                            ; Off                ; Off                ;
; Ignore SOFT Buffers                                                             ; On                 ; On                 ;
; Limit AHDL Integers to 32 Bits                                                  ; Off                ; Off                ;
; Optimization Technique                                                          ; Balanced           ; Balanced           ;
; Carry Chain Length                                                              ; 70                 ; 70                 ;
; Auto Carry Chains                                                               ; On                 ; On                 ;
; Auto Open-Drain Pins                                                            ; On                 ; On                 ;
; Perform WYSIWYG Primitive Resynthesis                                           ; Off                ; Off                ;
; Auto ROM Replacement                                                            ; On                 ; On                 ;
; Auto RAM Replacement                                                            ; On                 ; On                 ;
; Auto DSP Block Replacement                                                      ; On                 ; On                 ;
; Auto Shift Register Replacement                                                 ; Auto               ; Auto               ;
; Allow Shift Register Merging across Hierarchies                                 ; Auto               ; Auto               ;
; Auto Clock Enable Replacement                                                   ; On                 ; On                 ;
; Strict RAM Replacement                                                          ; Off                ; Off                ;
; Allow Synchronous Control Signals                                               ; On                 ; On                 ;
; Force Use of Synchronous Clear Signals                                          ; Off                ; Off                ;
; Auto Resource Sharing                                                           ; Off                ; Off                ;
; Allow Any RAM Size For Recognition                                              ; Off                ; Off                ;
; Allow Any ROM Size For Recognition                                              ; Off                ; Off                ;
; Allow Any Shift Register Size For Recognition                                   ; Off                ; Off                ;
; Use LogicLock Constraints during Resource Balancing                             ; On                 ; On                 ;
; Ignore translate_off and synthesis_off directives                               ; Off                ; Off                ;
; Timing-Driven Synthesis                                                         ; On                 ; On                 ;
; Report Parameter Settings                                                       ; On                 ; On                 ;
; Report Source Assignments                                                       ; On                 ; On                 ;
; Report Connectivity Checks                                                      ; On                 ; On                 ;
; Ignore Maximum Fan-Out Assignments                                              ; Off                ; Off                ;
; Synchronization Register Chain Length                                           ; 3                  ; 3                  ;
; Power Optimization During Synthesis                                             ; Normal compilation ; Normal compilation ;
; HDL message level                                                               ; Level2             ; Level2             ;
; Suppress Register Optimization Related Messages                                 ; Off                ; Off                ;
; Number of Removed Registers Reported in Synthesis Report                        ; 5000               ; 5000               ;
; Number of Swept Nodes Reported in Synthesis Report                              ; 5000               ; 5000               ;
; Number of Inverted Registers Reported in Synthesis Report                       ; 100                ; 100                ;
; Clock MUX Protection                                                            ; On                 ; On                 ;
; Auto Gated Clock Conversion                                                     ; Off                ; Off                ;
; Block Design Naming                                                             ; Auto               ; Auto               ;
; SDC constraint protection                                                       ; Off                ; Off                ;
; Synthesis Effort                                                                ; Auto               ; Auto               ;
; Shift Register Replacement - Allow Asynchronous Clear Signal                    ; On                 ; On                 ;
; Pre-Mapping Resynthesis Optimization                                            ; Off                ; Off                ;
; Analysis & Synthesis Message Level                                              ; Medium             ; Medium             ;
; Disable Register Merging Across Hierarchies                                     ; Auto               ; Auto               ;
; Resource Aware Inference For Block RAM                                          ; On                 ; On                 ;
; Automatic Parallel Synthesis                                                    ; On                 ; On                 ;
; Partial Reconfiguration Bitstream ID                                            ; Off                ; Off                ;
+---------------------------------------------------------------------------------+--------------------+--------------------+


+------------------------------------------+
; Parallel Compilation                     ;
+----------------------------+-------------+
; Processors                 ; Number      ;
+----------------------------+-------------+
; Number detected on machine ; 20          ;
; Maximum allowed            ; 14          ;
;                            ;             ;
; Average used               ; 1.00        ;
; Maximum used               ; 14          ;
;                            ;             ;
; Usage by Processor         ; % Time Used ;
;     Processor 1            ; 100.0%      ;
;     Processor 2            ;   0.0%      ;
;     Processors 3-14        ;   0.0%      ;
+----------------------------+-------------+


+----------------------------------------------------------------------------------------------------------------------------------------------------------------------------------------+
; Analysis & Synthesis Source Files Read                                                                                                                                                 ;
+----------------------------------+-----------------+----------------------------------------+--------------------------------------------------------------------------------+---------+
; File Name with User-Entered Path ; Used in Netlist ; File Type                              ; File Name with Absolute Path                                                   ; Library ;
+----------------------------------+-----------------+----------------------------------------+--------------------------------------------------------------------------------+---------+
; main.v                           ; yes             ; User Verilog HDL File                  ; /home/aluno/Downloads/Pbl_dos_monstro/main.v                                   ;         ;
; Clock_25MHz.v                    ; yes             ; User Verilog HDL File                  ; /home/aluno/Downloads/Pbl_dos_monstro/Clock_25MHz.v                            ;         ;
; vga_module.v                     ; yes             ; User Verilog HDL File                  ; /home/aluno/Downloads/Pbl_dos_monstro/vga_module.v                             ;         ;
; rom.v                            ; yes             ; User Wizard-Generated File             ; /home/aluno/Downloads/Pbl_dos_monstro/rom.v                                    ;         ;
; altsyncram.tdf                   ; yes             ; Megafunction                           ; /opt/intelFPGA_lite/23.1/quartus/libraries/megafunctions/altsyncram.tdf        ;         ;
; stratix_ram_block.inc            ; yes             ; Megafunction                           ; /opt/intelFPGA_lite/23.1/quartus/libraries/megafunctions/stratix_ram_block.inc ;         ;
; lpm_mux.inc                      ; yes             ; Megafunction                           ; /opt/intelFPGA_lite/23.1/quartus/libraries/megafunctions/lpm_mux.inc           ;         ;
; lpm_decode.inc                   ; yes             ; Megafunction                           ; /opt/intelFPGA_lite/23.1/quartus/libraries/megafunctions/lpm_decode.inc        ;         ;
; aglobal231.inc                   ; yes             ; Megafunction                           ; /opt/intelFPGA_lite/23.1/quartus/libraries/megafunctions/aglobal231.inc        ;         ;
; a_rdenreg.inc                    ; yes             ; Megafunction                           ; /opt/intelFPGA_lite/23.1/quartus/libraries/megafunctions/a_rdenreg.inc         ;         ;
; altrom.inc                       ; yes             ; Megafunction                           ; /opt/intelFPGA_lite/23.1/quartus/libraries/megafunctions/altrom.inc            ;         ;
; altram.inc                       ; yes             ; Megafunction                           ; /opt/intelFPGA_lite/23.1/quartus/libraries/megafunctions/altram.inc            ;         ;
; altdpram.inc                     ; yes             ; Megafunction                           ; /opt/intelFPGA_lite/23.1/quartus/libraries/megafunctions/altdpram.inc          ;         ;
; db/altsyncram_qrf1.tdf           ; yes             ; Auto-Generated Megafunction            ; /home/aluno/Downloads/Pbl_dos_monstro/db/altsyncram_qrf1.tdf                   ;         ;
; ../arquivo.mif                   ; yes             ; Auto-Found Memory Initialization File  ; /home/aluno/Downloads/Pbl_dos_monstro/arquivo.mif                              ;         ;
; db/decode_g2a.tdf                ; yes             ; Auto-Generated Megafunction            ; /home/aluno/Downloads/Pbl_dos_monstro/db/decode_g2a.tdf                        ;         ;
; db/mux_7hb.tdf                   ; yes             ; Auto-Generated Megafunction            ; /home/aluno/Downloads/Pbl_dos_monstro/db/mux_7hb.tdf                           ;         ;
+----------------------------------+-----------------+----------------------------------------+--------------------------------------------------------------------------------+---------+


+-----------------------------------------------------------------------------+
; Analysis & Synthesis Resource Usage Summary                                 ;
+---------------------------------------------+-------------------------------+
; Resource                                    ; Usage                         ;
+---------------------------------------------+-------------------------------+
; Estimate of Logic utilization (ALMs needed) ; 77                            ;
;                                             ;                               ;
; Combinational ALUT usage for logic          ; 129                           ;
;     -- 7 input functions                    ; 2                             ;
;     -- 6 input functions                    ; 20                            ;
;     -- 5 input functions                    ; 16                            ;
;     -- 4 input functions                    ; 21                            ;
;     -- <=3 input functions                  ; 70                            ;
;                                             ;                               ;
; Dedicated logic registers                   ; 69                            ;
;                                             ;                               ;
; I/O pins                                    ; 30                            ;
; Total MLAB memory bits                      ; 0                             ;
; Total block memory bits                     ; 230400                        ;
;                                             ;                               ;
; Total DSP Blocks                            ; 0                             ;
;                                             ;                               ;
; Maximum fan-out node                        ; Clock_25MHz:clk_div_inst|nclk ;
; Maximum fan-out                             ; 100                           ;
; Total fan-out                               ; 1130                          ;
; Average fan-out                             ; 3.92                          ;
+---------------------------------------------+-------------------------------+


+------------------------------------------------------------------------------------------------------------------------------------------------------------------------------------------------------------------------------------------------------------------------------------------------+
; Analysis & Synthesis Resource Utilization by Entity                                                                                                                                                                                                                                            ;
+-------------------------------------------+---------------------+---------------------------+-------------------+------------+------+--------------+----------------------------------------------------------------------------------------------------------+-----------------+--------------+
; Compilation Hierarchy Node                ; Combinational ALUTs ; Dedicated Logic Registers ; Block Memory Bits ; DSP Blocks ; Pins ; Virtual Pins ; Full Hierarchy Name                                                                                      ; Entity Name     ; Library Name ;
+-------------------------------------------+---------------------+---------------------------+-------------------+------------+------+--------------+----------------------------------------------------------------------------------------------------------+-----------------+--------------+
; |main                                     ; 129 (57)            ; 69 (20)                   ; 230400            ; 0          ; 30   ; 0            ; |main                                                                                                    ; main            ; work         ;
;    |Clock_25MHz:clk_div_inst|             ; 1 (1)               ; 1 (1)                     ; 0                 ; 0          ; 0    ; 0            ; |main|Clock_25MHz:clk_div_inst                                                                           ; Clock_25MHz     ; work         ;
;    |rom:inst_rom|                         ; 10 (0)              ; 8 (0)                     ; 230400            ; 0          ; 0    ; 0            ; |main|rom:inst_rom                                                                                       ; rom             ; work         ;
;       |altsyncram:altsyncram_component|   ; 10 (0)              ; 8 (0)                     ; 230400            ; 0          ; 0    ; 0            ; |main|rom:inst_rom|altsyncram:altsyncram_component                                                       ; altsyncram      ; work         ;
;          |altsyncram_qrf1:auto_generated| ; 10 (0)              ; 8 (8)                     ; 230400            ; 0          ; 0    ; 0            ; |main|rom:inst_rom|altsyncram:altsyncram_component|altsyncram_qrf1:auto_generated                        ; altsyncram_qrf1 ; work         ;
;             |decode_g2a:rden_decode|      ; 10 (10)             ; 0 (0)                     ; 0                 ; 0          ; 0    ; 0            ; |main|rom:inst_rom|altsyncram:altsyncram_component|altsyncram_qrf1:auto_generated|decode_g2a:rden_decode ; decode_g2a      ; work         ;
;    |vga_module:vga_inst|                  ; 61 (61)             ; 40 (40)                   ; 0                 ; 0          ; 0    ; 0            ; |main|vga_module:vga_inst                                                                                ; vga_module      ; work         ;
+-------------------------------------------+---------------------+---------------------------+-------------------+------------+------+--------------+----------------------------------------------------------------------------------------------------------+-----------------+--------------+
Note: For table entries with two numbers listed, the numbers in parentheses indicate the number of resources of the given type used by the specific entity alone. The numbers listed outside of parentheses indicate the total resources of the given type used by the specific entity and all of its sub-entities in the hierarchy.


+--------------------------------------------------------------------------------------------------------------------------------------------------------------------------------------------+
; Analysis & Synthesis RAM Summary                                                                                                                                                           ;
+----------------------------------------------------------------------------------------+------+------+--------------+--------------+--------------+--------------+--------+----------------+
; Name                                                                                   ; Type ; Mode ; Port A Depth ; Port A Width ; Port B Depth ; Port B Width ; Size   ; MIF            ;
+----------------------------------------------------------------------------------------+------+------+--------------+--------------+--------------+--------------+--------+----------------+
; rom:inst_rom|altsyncram:altsyncram_component|altsyncram_qrf1:auto_generated|ALTSYNCRAM ; AUTO ; ROM  ; 76800        ; 8            ; --           ; --           ; 614400 ; ../arquivo.mif ;
+----------------------------------------------------------------------------------------+------+------+--------------+--------------+--------------+--------------+--------+----------------+


+------------------------------------------------------------------------------------------------------+
; Analysis & Synthesis IP Cores Summary                                                                ;
+--------+--------------+---------+--------------+--------------+--------------------+-----------------+
; Vendor ; IP Core Name ; Version ; Release Date ; License Type ; Entity Instance    ; IP Include File ;
+--------+--------------+---------+--------------+--------------+--------------------+-----------------+
; Altera ; ROM: 1-PORT  ; 23.1    ; N/A          ; N/A          ; |main|rom:inst_rom ; rom.v           ;
+--------+--------------+---------+--------------+--------------+--------------------+-----------------+


Encoding Type:  One-Hot
+------------------------------------------------------------------------------------------------------------------------+
; State Machine - |main|vga_module:vga_inst|v_state                                                                      ;
+------------------------+----------------------+-----------------------+-----------------------+------------------------+
; Name                   ; v_state.V_BACK_STATE ; v_state.V_PULSE_STATE ; v_state.V_FRONT_STATE ; v_state.V_ACTIVE_STATE ;
+------------------------+----------------------+-----------------------+-----------------------+------------------------+
; v_state.V_ACTIVE_STATE ; 0                    ; 0                     ; 0                     ; 0                      ;
; v_state.V_FRONT_STATE  ; 0                    ; 0                     ; 1                     ; 1                      ;
; v_state.V_PULSE_STATE  ; 0                    ; 1                     ; 0                     ; 1                      ;
; v_state.V_BACK_STATE   ; 1                    ; 0                     ; 0                     ; 1                      ;
+------------------------+----------------------+-----------------------+-----------------------+------------------------+


Encoding Type:  One-Hot
+------------------------------------------------------------------------------------------------------------------------+
; State Machine - |main|vga_module:vga_inst|h_state                                                                      ;
+------------------------+----------------------+-----------------------+-----------------------+------------------------+
; Name                   ; h_state.H_BACK_STATE ; h_state.H_PULSE_STATE ; h_state.H_FRONT_STATE ; h_state.H_ACTIVE_STATE ;
+------------------------+----------------------+-----------------------+-----------------------+------------------------+
; h_state.H_ACTIVE_STATE ; 0                    ; 0                     ; 0                     ; 0                      ;
; h_state.H_FRONT_STATE  ; 0                    ; 0                     ; 1                     ; 1                      ;
; h_state.H_PULSE_STATE  ; 0                    ; 1                     ; 0                     ; 1                      ;
; h_state.H_BACK_STATE   ; 1                    ; 0                     ; 0                     ; 1                      ;
+------------------------+----------------------+-----------------------+-----------------------+------------------------+


+---------------------------------------------------------------------------------+
; Registers Removed During Synthesis                                              ;
+----------------------------------------+----------------------------------------+
; Register name                          ; Reason for Removal                     ;
+----------------------------------------+----------------------------------------+
; vga_module:vga_inst|red_reg[0..4]      ; Stuck at GND due to stuck port data_in ;
; vga_module:vga_inst|green_reg[0..4]    ; Stuck at GND due to stuck port data_in ;
; vga_module:vga_inst|blue_reg[0..4]     ; Stuck at GND due to stuck port data_in ;
; vga_module:vga_inst|v_state~5          ; Lost fanout                            ;
; vga_module:vga_inst|v_state~6          ; Lost fanout                            ;
; vga_module:vga_inst|v_state~7          ; Lost fanout                            ;
; vga_module:vga_inst|v_state~8          ; Lost fanout                            ;
; vga_module:vga_inst|v_state~9          ; Lost fanout                            ;
; vga_module:vga_inst|v_state~10         ; Lost fanout                            ;
; vga_module:vga_inst|v_state~11         ; Lost fanout                            ;
; vga_module:vga_inst|v_state~12         ; Lost fanout                            ;
; vga_module:vga_inst|h_state~5          ; Lost fanout                            ;
; vga_module:vga_inst|h_state~6          ; Lost fanout                            ;
; vga_module:vga_inst|h_state~7          ; Lost fanout                            ;
; vga_module:vga_inst|h_state~8          ; Lost fanout                            ;
; vga_module:vga_inst|h_state~9          ; Lost fanout                            ;
; vga_module:vga_inst|h_state~10         ; Lost fanout                            ;
; vga_module:vga_inst|h_state~11         ; Lost fanout                            ;
; vga_module:vga_inst|h_state~12         ; Lost fanout                            ;
; Total Number of Removed Registers = 31 ;                                        ;
+----------------------------------------+----------------------------------------+


+------------------------------------------------------+
; General Register Statistics                          ;
+----------------------------------------------+-------+
; Statistic                                    ; Value ;
+----------------------------------------------+-------+
; Total registers                              ; 69    ;
; Number of registers using Synchronous Clear  ; 20    ;
; Number of registers using Synchronous Load   ; 0     ;
; Number of registers using Asynchronous Clear ; 0     ;
; Number of registers using Asynchronous Load  ; 0     ;
; Number of registers using Clock Enable       ; 10    ;
; Number of registers using Preset             ; 0     ;
+----------------------------------------------+-------+


+------------------------------------------------------------------------------------------------------------------------------------------------------+
; Multiplexer Restructuring Statistics (Restructuring Performed)                                                                                       ;
+--------------------+-----------+---------------+----------------------+------------------------+------------+----------------------------------------+
; Multiplexer Inputs ; Bus Width ; Baseline Area ; Area if Restructured ; Saving if Restructured ; Registered ; Example Multiplexer Output             ;
+--------------------+-----------+---------------+----------------------+------------------------+------------+----------------------------------------+
; 10:1               ; 3 bits    ; 18 LEs        ; 18 LEs               ; 0 LEs                  ; Yes        ; |main|color_in[2]                      ;
; 9:1                ; 10 bits   ; 60 LEs        ; 0 LEs                ; 60 LEs                 ; Yes        ; |main|vga_module:vga_inst|v_counter[9] ;
; 9:1                ; 10 bits   ; 60 LEs        ; 0 LEs                ; 60 LEs                 ; Yes        ; |main|vga_module:vga_inst|h_counter[2] ;
; 3:1                ; 3 bits    ; 6 LEs         ; 6 LEs                ; 0 LEs                  ; No         ; |main|vga_module:vga_inst|red_reg      ;
+--------------------+-----------+---------------+----------------------+------------------------+------------+----------------------------------------+


+----------------------------------------------------------------------------------------------------+
; Source assignments for rom:inst_rom|altsyncram:altsyncram_component|altsyncram_qrf1:auto_generated ;
+---------------------------------+--------------------+------+--------------------------------------+
; Assignment                      ; Value              ; From ; To                                   ;
+---------------------------------+--------------------+------+--------------------------------------+
; OPTIMIZE_POWER_DURING_SYNTHESIS ; NORMAL_COMPILATION ; -    ; -                                    ;
+---------------------------------+--------------------+------+--------------------------------------+


+-------------------------------------------------------------------------------------------+
; Parameter Settings for User Entity Instance: rom:inst_rom|altsyncram:altsyncram_component ;
+------------------------------------+----------------------+-------------------------------+
; Parameter Name                     ; Value                ; Type                          ;
+------------------------------------+----------------------+-------------------------------+
; BYTE_SIZE_BLOCK                    ; 8                    ; Untyped                       ;
; AUTO_CARRY_CHAINS                  ; ON                   ; AUTO_CARRY                    ;
; IGNORE_CARRY_BUFFERS               ; OFF                  ; IGNORE_CARRY                  ;
; AUTO_CASCADE_CHAINS                ; ON                   ; AUTO_CASCADE                  ;
; IGNORE_CASCADE_BUFFERS             ; OFF                  ; IGNORE_CASCADE                ;
; WIDTH_BYTEENA                      ; 1                    ; Untyped                       ;
; OPERATION_MODE                     ; ROM                  ; Untyped                       ;
; WIDTH_A                            ; 8                    ; Signed Integer                ;
; WIDTHAD_A                          ; 17                   ; Signed Integer                ;
; NUMWORDS_A                         ; 76800                ; Signed Integer                ;
; OUTDATA_REG_A                      ; CLOCK0               ; Untyped                       ;
; ADDRESS_ACLR_A                     ; NONE                 ; Untyped                       ;
; OUTDATA_ACLR_A                     ; NONE                 ; Untyped                       ;
; WRCONTROL_ACLR_A                   ; NONE                 ; Untyped                       ;
; INDATA_ACLR_A                      ; NONE                 ; Untyped                       ;
; BYTEENA_ACLR_A                     ; NONE                 ; Untyped                       ;
; WIDTH_B                            ; 1                    ; Untyped                       ;
; WIDTHAD_B                          ; 1                    ; Untyped                       ;
; NUMWORDS_B                         ; 1                    ; Untyped                       ;
; INDATA_REG_B                       ; CLOCK1               ; Untyped                       ;
; WRCONTROL_WRADDRESS_REG_B          ; CLOCK1               ; Untyped                       ;
; RDCONTROL_REG_B                    ; CLOCK1               ; Untyped                       ;
; ADDRESS_REG_B                      ; CLOCK1               ; Untyped                       ;
; OUTDATA_REG_B                      ; UNREGISTERED         ; Untyped                       ;
; BYTEENA_REG_B                      ; CLOCK1               ; Untyped                       ;
; INDATA_ACLR_B                      ; NONE                 ; Untyped                       ;
; WRCONTROL_ACLR_B                   ; NONE                 ; Untyped                       ;
; ADDRESS_ACLR_B                     ; NONE                 ; Untyped                       ;
; OUTDATA_ACLR_B                     ; NONE                 ; Untyped                       ;
; RDCONTROL_ACLR_B                   ; NONE                 ; Untyped                       ;
; BYTEENA_ACLR_B                     ; NONE                 ; Untyped                       ;
; WIDTH_BYTEENA_A                    ; 1                    ; Signed Integer                ;
; WIDTH_BYTEENA_B                    ; 1                    ; Untyped                       ;
; RAM_BLOCK_TYPE                     ; AUTO                 ; Untyped                       ;
; BYTE_SIZE                          ; 8                    ; Untyped                       ;
; READ_DURING_WRITE_MODE_MIXED_PORTS ; DONT_CARE            ; Untyped                       ;
; READ_DURING_WRITE_MODE_PORT_A      ; NEW_DATA_NO_NBE_READ ; Untyped                       ;
; READ_DURING_WRITE_MODE_PORT_B      ; NEW_DATA_NO_NBE_READ ; Untyped                       ;
; INIT_FILE                          ; ../arquivo.mif       ; Untyped                       ;
; INIT_FILE_LAYOUT                   ; PORT_A               ; Untyped                       ;
; MAXIMUM_DEPTH                      ; 0                    ; Untyped                       ;
; CLOCK_ENABLE_INPUT_A               ; BYPASS               ; Untyped                       ;
; CLOCK_ENABLE_INPUT_B               ; NORMAL               ; Untyped                       ;
; CLOCK_ENABLE_OUTPUT_A              ; BYPASS               ; Untyped                       ;
; CLOCK_ENABLE_OUTPUT_B              ; NORMAL               ; Untyped                       ;
; CLOCK_ENABLE_CORE_A                ; USE_INPUT_CLKEN      ; Untyped                       ;
; CLOCK_ENABLE_CORE_B                ; USE_INPUT_CLKEN      ; Untyped                       ;
; ENABLE_ECC                         ; FALSE                ; Untyped                       ;
; ECC_PIPELINE_STAGE_ENABLED         ; FALSE                ; Untyped                       ;
; WIDTH_ECCSTATUS                    ; 3                    ; Untyped                       ;
; DEVICE_FAMILY                      ; Cyclone V            ; Untyped                       ;
; CBXI_PARAMETER                     ; altsyncram_qrf1      ; Untyped                       ;
+------------------------------------+----------------------+-------------------------------+
Note: In order to hide this table in the UI and the text report file, please set the "Show Parameter Settings in Synthesis Report" option in "Analysis and Synthesis Settings -> More Settings" to "Off".


+------------------------------------------------------------------+
; Parameter Settings for User Entity Instance: vga_module:vga_inst ;
+----------------+------------+------------------------------------+
; Parameter Name ; Value      ; Type                               ;
+----------------+------------+------------------------------------+
; H_ACTIVE       ; 1001111111 ; Unsigned Binary                    ;
; H_FRONT        ; 0000001111 ; Unsigned Binary                    ;
; H_PULSE        ; 0001011111 ; Unsigned Binary                    ;
; H_BACK         ; 0000101111 ; Unsigned Binary                    ;
; V_ACTIVE       ; 0111011111 ; Unsigned Binary                    ;
; V_FRONT        ; 0000001001 ; Unsigned Binary                    ;
; V_PULSE        ; 0000000001 ; Unsigned Binary                    ;
; V_BACK         ; 0000100000 ; Unsigned Binary                    ;
; LOW            ; 0          ; Unsigned Binary                    ;
; HIGH           ; 1          ; Unsigned Binary                    ;
; H_ACTIVE_STATE ; 00000000   ; Unsigned Binary                    ;
; H_FRONT_STATE  ; 00000001   ; Unsigned Binary                    ;
; H_PULSE_STATE  ; 00000010   ; Unsigned Binary                    ;
; H_BACK_STATE   ; 00000011   ; Unsigned Binary                    ;
; V_ACTIVE_STATE ; 00000000   ; Unsigned Binary                    ;
; V_FRONT_STATE  ; 00000001   ; Unsigned Binary                    ;
; V_PULSE_STATE  ; 00000010   ; Unsigned Binary                    ;
; V_BACK_STATE   ; 00000011   ; Unsigned Binary                    ;
+----------------+------------+------------------------------------+
Note: In order to hide this table in the UI and the text report file, please set the "Show Parameter Settings in Synthesis Report" option in "Analysis and Synthesis Settings -> More Settings" to "Off".


+------------------------------------------------------------------------------------------+
; altsyncram Parameter Settings by Entity Instance                                         ;
+-------------------------------------------+----------------------------------------------+
; Name                                      ; Value                                        ;
+-------------------------------------------+----------------------------------------------+
; Number of entity instances                ; 1                                            ;
; Entity Instance                           ; rom:inst_rom|altsyncram:altsyncram_component ;
;     -- OPERATION_MODE                     ; ROM                                          ;
;     -- WIDTH_A                            ; 8                                            ;
;     -- NUMWORDS_A                         ; 76800                                        ;
;     -- OUTDATA_REG_A                      ; CLOCK0                                       ;
;     -- WIDTH_B                            ; 1                                            ;
;     -- NUMWORDS_B                         ; 1                                            ;
;     -- ADDRESS_REG_B                      ; CLOCK1                                       ;
;     -- OUTDATA_REG_B                      ; UNREGISTERED                                 ;
;     -- RAM_BLOCK_TYPE                     ; AUTO                                         ;
;     -- READ_DURING_WRITE_MODE_MIXED_PORTS ; DONT_CARE                                    ;
+-------------------------------------------+----------------------------------------------+


+-----------------------------------------------------+
; Post-Synthesis Netlist Statistics for Top Partition ;
+-----------------------+-----------------------------+
; Type                  ; Count                       ;
+-----------------------+-----------------------------+
; arriav_ff             ; 69                          ;
;     ENA SCLR          ; 10                          ;
;     SCLR              ; 10                          ;
;     plain             ; 49                          ;
; arriav_lcell_comb     ; 131                         ;
;     arith             ; 51                          ;
;         0 data inputs ; 2                           ;
;         1 data inputs ; 20                          ;
;         2 data inputs ; 21                          ;
;         3 data inputs ; 4                           ;
;         5 data inputs ; 4                           ;
;     extend            ; 2                           ;
;         7 data inputs ; 2                           ;
;     normal            ; 78                          ;
;         0 data inputs ; 1                           ;
;         1 data inputs ; 3                           ;
;         2 data inputs ; 11                          ;
;         3 data inputs ; 10                          ;
;         4 data inputs ; 21                          ;
;         5 data inputs ; 12                          ;
;         6 data inputs ; 20                          ;
; boundary_port         ; 30                          ;
; stratixv_ram_block    ; 30                          ;
;                       ;                             ;
; Max LUT depth         ; 4.00                        ;
; Average LUT depth     ; 2.31                        ;
+-----------------------+-----------------------------+


+-------------------------------+
; Elapsed Time Per Partition    ;
+----------------+--------------+
; Partition Name ; Elapsed Time ;
+----------------+--------------+
; Top            ; 00:00:00     ;
+----------------+--------------+


+-------------------------------+
; Analysis & Synthesis Messages ;
+-------------------------------+
Info: *******************************************************************
Info: Running Quartus Prime Analysis & Synthesis
    Info: Version 23.1std.0 Build 991 11/28/2023 SC Lite Edition
    Info: Processing started: Wed Sep 10 15:12:22 2025
Info: Command: quartus_map --read_settings_files=on --write_settings_files=off PBL -c PBL
Warning (18236): Number of processors has not been specified which may cause overloading on shared machines.  Set the global assignment NUM_PARALLEL_PROCESSORS in your QSF to an appropriate value for best performance.
Info (20030): Parallel compilation is enabled and will use 14 of the 14 processors detected
Info (12021): Found 1 design units, including 1 entities, in source file main.v
    Info (12023): Found entity 1: main File: /home/aluno/Downloads/Pbl_dos_monstro/main.v Line: 1
Info (12021): Found 1 design units, including 1 entities, in source file Clock_25MHz.v
    Info (12023): Found entity 1: Clock_25MHz File: /home/aluno/Downloads/Pbl_dos_monstro/Clock_25MHz.v Line: 1
Info (12021): Found 1 design units, including 1 entities, in source file vga_module.v
    Info (12023): Found entity 1: vga_module File: /home/aluno/Downloads/Pbl_dos_monstro/vga_module.v Line: 1
Info (12021): Found 1 design units, including 1 entities, in source file rom.v
    Info (12023): Found entity 1: rom File: /home/aluno/Downloads/Pbl_dos_monstro/rom.v Line: 40
Warning (10236): Verilog HDL Implicit Net warning at main.v(36): created implicit net for "reset" File: /home/aluno/Downloads/Pbl_dos_monstro/main.v Line: 36
Info (12127): Elaborating entity "main" for the top level hierarchy
Warning (10230): Verilog HDL assignment warning at main.v(56): truncated value with size 32 to match size of target (17) File: /home/aluno/Downloads/Pbl_dos_monstro/main.v Line: 56
Info (12128): Elaborating entity "rom" for hierarchy "rom:inst_rom" File: /home/aluno/Downloads/Pbl_dos_monstro/main.v Line: 25
Info (12128): Elaborating entity "altsyncram" for hierarchy "rom:inst_rom|altsyncram:altsyncram_component" File: /home/aluno/Downloads/Pbl_dos_monstro/rom.v Line: 82
Info (12130): Elaborated megafunction instantiation "rom:inst_rom|altsyncram:altsyncram_component" File: /home/aluno/Downloads/Pbl_dos_monstro/rom.v Line: 82
Info (12133): Instantiated megafunction "rom:inst_rom|altsyncram:altsyncram_component" with the following parameter: File: /home/aluno/Downloads/Pbl_dos_monstro/rom.v Line: 82
    Info (12134): Parameter "address_aclr_a" = "NONE"
    Info (12134): Parameter "clock_enable_input_a" = "BYPASS"
    Info (12134): Parameter "clock_enable_output_a" = "BYPASS"
    Info (12134): Parameter "init_file" = "../arquivo.mif"
    Info (12134): Parameter "intended_device_family" = "Cyclone V"
    Info (12134): Parameter "lpm_hint" = "ENABLE_RUNTIME_MOD=NO"
    Info (12134): Parameter "lpm_type" = "altsyncram"
    Info (12134): Parameter "numwords_a" = "76800"
    Info (12134): Parameter "operation_mode" = "ROM"
    Info (12134): Parameter "outdata_aclr_a" = "NONE"
    Info (12134): Parameter "outdata_reg_a" = "CLOCK0"
    Info (12134): Parameter "widthad_a" = "17"
    Info (12134): Parameter "width_a" = "8"
    Info (12134): Parameter "width_byteena_a" = "1"
Info (12021): Found 1 design units, including 1 entities, in source file db/altsyncram_qrf1.tdf
    Info (12023): Found entity 1: altsyncram_qrf1 File: /home/aluno/Downloads/Pbl_dos_monstro/db/altsyncram_qrf1.tdf Line: 32
Info (12128): Elaborating entity "altsyncram_qrf1" for hierarchy "rom:inst_rom|altsyncram:altsyncram_component|altsyncram_qrf1:auto_generated" File: /opt/intelFPGA_lite/23.1/quartus/libraries/megafunctions/altsyncram.tdf Line: 792
Info (12021): Found 1 design units, including 1 entities, in source file db/decode_g2a.tdf
    Info (12023): Found entity 1: decode_g2a File: /home/aluno/Downloads/Pbl_dos_monstro/db/decode_g2a.tdf Line: 23
Info (12128): Elaborating entity "decode_g2a" for hierarchy "rom:inst_rom|altsyncram:altsyncram_component|altsyncram_qrf1:auto_generated|decode_g2a:rden_decode" File: /home/aluno/Downloads/Pbl_dos_monstro/db/altsyncram_qrf1.tdf Line: 41
Info (12021): Found 1 design units, including 1 entities, in source file db/mux_7hb.tdf
    Info (12023): Found entity 1: mux_7hb File: /home/aluno/Downloads/Pbl_dos_monstro/db/mux_7hb.tdf Line: 23
Info (12128): Elaborating entity "mux_7hb" for hierarchy "rom:inst_rom|altsyncram:altsyncram_component|altsyncram_qrf1:auto_generated|mux_7hb:mux2" File: /home/aluno/Downloads/Pbl_dos_monstro/db/altsyncram_qrf1.tdf Line: 42
Info (12128): Elaborating entity "Clock_25MHz" for hierarchy "Clock_25MHz:clk_div_inst" File: /home/aluno/Downloads/Pbl_dos_monstro/main.v Line: 31
Info (12128): Elaborating entity "vga_module" for hierarchy "vga_module:vga_inst" File: /home/aluno/Downloads/Pbl_dos_monstro/main.v Line: 48
Warning (10230): Verilog HDL assignment warning at vga_module.v(152): truncated value with size 13 to match size of target (8) File: /home/aluno/Downloads/Pbl_dos_monstro/vga_module.v Line: 152
Warning (10230): Verilog HDL assignment warning at vga_module.v(153): truncated value with size 13 to match size of target (8) File: /home/aluno/Downloads/Pbl_dos_monstro/vga_module.v Line: 153
Warning (10230): Verilog HDL assignment warning at vga_module.v(154): truncated value with size 13 to match size of target (8) File: /home/aluno/Downloads/Pbl_dos_monstro/vga_module.v Line: 154
Warning (14284): Synthesized away the following node(s):
    Warning (14285): Synthesized away the following RAM node(s):
        Warning (14320): Synthesized away node "rom:inst_rom|altsyncram:altsyncram_component|altsyncram_qrf1:auto_generated|ram_block1a3" File: /home/aluno/Downloads/Pbl_dos_monstro/db/altsyncram_qrf1.tdf Line: 109
        Warning (14320): Synthesized away node "rom:inst_rom|altsyncram:altsyncram_component|altsyncram_qrf1:auto_generated|ram_block1a4" File: /home/aluno/Downloads/Pbl_dos_monstro/db/altsyncram_qrf1.tdf Line: 131
        Warning (14320): Synthesized away node "rom:inst_rom|altsyncram:altsyncram_component|altsyncram_qrf1:auto_generated|ram_block1a5" File: /home/aluno/Downloads/Pbl_dos_monstro/db/altsyncram_qrf1.tdf Line: 153
        Warning (14320): Synthesized away node "rom:inst_rom|altsyncram:altsyncram_component|altsyncram_qrf1:auto_generated|ram_block1a6" File: /home/aluno/Downloads/Pbl_dos_monstro/db/altsyncram_qrf1.tdf Line: 175
        Warning (14320): Synthesized away node "rom:inst_rom|altsyncram:altsyncram_component|altsyncram_qrf1:auto_generated|ram_block1a7" File: /home/aluno/Downloads/Pbl_dos_monstro/db/altsyncram_qrf1.tdf Line: 197
        Warning (14320): Synthesized away node "rom:inst_rom|altsyncram:altsyncram_component|altsyncram_qrf1:auto_generated|ram_block1a11" File: /home/aluno/Downloads/Pbl_dos_monstro/db/altsyncram_qrf1.tdf Line: 285
        Warning (14320): Synthesized away node "rom:inst_rom|altsyncram:altsyncram_component|altsyncram_qrf1:auto_generated|ram_block1a12" File: /home/aluno/Downloads/Pbl_dos_monstro/db/altsyncram_qrf1.tdf Line: 307
        Warning (14320): Synthesized away node "rom:inst_rom|altsyncram:altsyncram_component|altsyncram_qrf1:auto_generated|ram_block1a13" File: /home/aluno/Downloads/Pbl_dos_monstro/db/altsyncram_qrf1.tdf Line: 329
        Warning (14320): Synthesized away node "rom:inst_rom|altsyncram:altsyncram_component|altsyncram_qrf1:auto_generated|ram_block1a14" File: /home/aluno/Downloads/Pbl_dos_monstro/db/altsyncram_qrf1.tdf Line: 351
        Warning (14320): Synthesized away node "rom:inst_rom|altsyncram:altsyncram_component|altsyncram_qrf1:auto_generated|ram_block1a15" File: /home/aluno/Downloads/Pbl_dos_monstro/db/altsyncram_qrf1.tdf Line: 373
        Warning (14320): Synthesized away node "rom:inst_rom|altsyncram:altsyncram_component|altsyncram_qrf1:auto_generated|ram_block1a19" File: /home/aluno/Downloads/Pbl_dos_monstro/db/altsyncram_qrf1.tdf Line: 461
        Warning (14320): Synthesized away node "rom:inst_rom|altsyncram:altsyncram_component|altsyncram_qrf1:auto_generated|ram_block1a20" File: /home/aluno/Downloads/Pbl_dos_monstro/db/altsyncram_qrf1.tdf Line: 483
        Warning (14320): Synthesized away node "rom:inst_rom|altsyncram:altsyncram_component|altsyncram_qrf1:auto_generated|ram_block1a21" File: /home/aluno/Downloads/Pbl_dos_monstro/db/altsyncram_qrf1.tdf Line: 505
        Warning (14320): Synthesized away node "rom:inst_rom|altsyncram:altsyncram_component|altsyncram_qrf1:auto_generated|ram_block1a22" File: /home/aluno/Downloads/Pbl_dos_monstro/db/altsyncram_qrf1.tdf Line: 527
        Warning (14320): Synthesized away node "rom:inst_rom|altsyncram:altsyncram_component|altsyncram_qrf1:auto_generated|ram_block1a23" File: /home/aluno/Downloads/Pbl_dos_monstro/db/altsyncram_qrf1.tdf Line: 549
        Warning (14320): Synthesized away node "rom:inst_rom|altsyncram:altsyncram_component|altsyncram_qrf1:auto_generated|ram_block1a27" File: /home/aluno/Downloads/Pbl_dos_monstro/db/altsyncram_qrf1.tdf Line: 637
        Warning (14320): Synthesized away node "rom:inst_rom|altsyncram:altsyncram_component|altsyncram_qrf1:auto_generated|ram_block1a28" File: /home/aluno/Downloads/Pbl_dos_monstro/db/altsyncram_qrf1.tdf Line: 659
        Warning (14320): Synthesized away node "rom:inst_rom|altsyncram:altsyncram_component|altsyncram_qrf1:auto_generated|ram_block1a29" File: /home/aluno/Downloads/Pbl_dos_monstro/db/altsyncram_qrf1.tdf Line: 681
        Warning (14320): Synthesized away node "rom:inst_rom|altsyncram:altsyncram_component|altsyncram_qrf1:auto_generated|ram_block1a30" File: /home/aluno/Downloads/Pbl_dos_monstro/db/altsyncram_qrf1.tdf Line: 703
        Warning (14320): Synthesized away node "rom:inst_rom|altsyncram:altsyncram_component|altsyncram_qrf1:auto_generated|ram_block1a31" File: /home/aluno/Downloads/Pbl_dos_monstro/db/altsyncram_qrf1.tdf Line: 725
        Warning (14320): Synthesized away node "rom:inst_rom|altsyncram:altsyncram_component|altsyncram_qrf1:auto_generated|ram_block1a35" File: /home/aluno/Downloads/Pbl_dos_monstro/db/altsyncram_qrf1.tdf Line: 813
        Warning (14320): Synthesized away node "rom:inst_rom|altsyncram:altsyncram_component|altsyncram_qrf1:auto_generated|ram_block1a36" File: /home/aluno/Downloads/Pbl_dos_monstro/db/altsyncram_qrf1.tdf Line: 835
        Warning (14320): Synthesized away node "rom:inst_rom|altsyncram:altsyncram_component|altsyncram_qrf1:auto_generated|ram_block1a37" File: /home/aluno/Downloads/Pbl_dos_monstro/db/altsyncram_qrf1.tdf Line: 857
        Warning (14320): Synthesized away node "rom:inst_rom|altsyncram:altsyncram_component|altsyncram_qrf1:auto_generated|ram_block1a38" File: /home/aluno/Downloads/Pbl_dos_monstro/db/altsyncram_qrf1.tdf Line: 879
        Warning (14320): Synthesized away node "rom:inst_rom|altsyncram:altsyncram_component|altsyncram_qrf1:auto_generated|ram_block1a39" File: /home/aluno/Downloads/Pbl_dos_monstro/db/altsyncram_qrf1.tdf Line: 901
        Warning (14320): Synthesized away node "rom:inst_rom|altsyncram:altsyncram_component|altsyncram_qrf1:auto_generated|ram_block1a43" File: /home/aluno/Downloads/Pbl_dos_monstro/db/altsyncram_qrf1.tdf Line: 989
        Warning (14320): Synthesized away node "rom:inst_rom|altsyncram:altsyncram_component|altsyncram_qrf1:auto_generated|ram_block1a44" File: /home/aluno/Downloads/Pbl_dos_monstro/db/altsyncram_qrf1.tdf Line: 1011
        Warning (14320): Synthesized away node "rom:inst_rom|altsyncram:altsyncram_component|altsyncram_qrf1:auto_generated|ram_block1a45" File: /home/aluno/Downloads/Pbl_dos_monstro/db/altsyncram_qrf1.tdf Line: 1033
        Warning (14320): Synthesized away node "rom:inst_rom|altsyncram:altsyncram_component|altsyncram_qrf1:auto_generated|ram_block1a46" File: /home/aluno/Downloads/Pbl_dos_monstro/db/altsyncram_qrf1.tdf Line: 1055
        Warning (14320): Synthesized away node "rom:inst_rom|altsyncram:altsyncram_component|altsyncram_qrf1:auto_generated|ram_block1a47" File: /home/aluno/Downloads/Pbl_dos_monstro/db/altsyncram_qrf1.tdf Line: 1077
        Warning (14320): Synthesized away node "rom:inst_rom|altsyncram:altsyncram_component|altsyncram_qrf1:auto_generated|ram_block1a51" File: /home/aluno/Downloads/Pbl_dos_monstro/db/altsyncram_qrf1.tdf Line: 1165
        Warning (14320): Synthesized away node "rom:inst_rom|altsyncram:altsyncram_component|altsyncram_qrf1:auto_generated|ram_block1a52" File: /home/aluno/Downloads/Pbl_dos_monstro/db/altsyncram_qrf1.tdf Line: 1187
        Warning (14320): Synthesized away node "rom:inst_rom|altsyncram:altsyncram_component|altsyncram_qrf1:auto_generated|ram_block1a53" File: /home/aluno/Downloads/Pbl_dos_monstro/db/altsyncram_qrf1.tdf Line: 1209
        Warning (14320): Synthesized away node "rom:inst_rom|altsyncram:altsyncram_component|altsyncram_qrf1:auto_generated|ram_block1a54" File: /home/aluno/Downloads/Pbl_dos_monstro/db/altsyncram_qrf1.tdf Line: 1231
        Warning (14320): Synthesized away node "rom:inst_rom|altsyncram:altsyncram_component|altsyncram_qrf1:auto_generated|ram_block1a55" File: /home/aluno/Downloads/Pbl_dos_monstro/db/altsyncram_qrf1.tdf Line: 1253
        Warning (14320): Synthesized away node "rom:inst_rom|altsyncram:altsyncram_component|altsyncram_qrf1:auto_generated|ram_block1a59" File: /home/aluno/Downloads/Pbl_dos_monstro/db/altsyncram_qrf1.tdf Line: 1341
        Warning (14320): Synthesized away node "rom:inst_rom|altsyncram:altsyncram_component|altsyncram_qrf1:auto_generated|ram_block1a60" File: /home/aluno/Downloads/Pbl_dos_monstro/db/altsyncram_qrf1.tdf Line: 1363
        Warning (14320): Synthesized away node "rom:inst_rom|altsyncram:altsyncram_component|altsyncram_qrf1:auto_generated|ram_block1a61" File: /home/aluno/Downloads/Pbl_dos_monstro/db/altsyncram_qrf1.tdf Line: 1385
        Warning (14320): Synthesized away node "rom:inst_rom|altsyncram:altsyncram_component|altsyncram_qrf1:auto_generated|ram_block1a62" File: /home/aluno/Downloads/Pbl_dos_monstro/db/altsyncram_qrf1.tdf Line: 1407
        Warning (14320): Synthesized away node "rom:inst_rom|altsyncram:altsyncram_component|altsyncram_qrf1:auto_generated|ram_block1a63" File: /home/aluno/Downloads/Pbl_dos_monstro/db/altsyncram_qrf1.tdf Line: 1429
        Warning (14320): Synthesized away node "rom:inst_rom|altsyncram:altsyncram_component|altsyncram_qrf1:auto_generated|ram_block1a67" File: /home/aluno/Downloads/Pbl_dos_monstro/db/altsyncram_qrf1.tdf Line: 1517
        Warning (14320): Synthesized away node "rom:inst_rom|altsyncram:altsyncram_component|altsyncram_qrf1:auto_generated|ram_block1a68" File: /home/aluno/Downloads/Pbl_dos_monstro/db/altsyncram_qrf1.tdf Line: 1539
        Warning (14320): Synthesized away node "rom:inst_rom|altsyncram:altsyncram_component|altsyncram_qrf1:auto_generated|ram_block1a69" File: /home/aluno/Downloads/Pbl_dos_monstro/db/altsyncram_qrf1.tdf Line: 1561
        Warning (14320): Synthesized away node "rom:inst_rom|altsyncram:altsyncram_component|altsyncram_qrf1:auto_generated|ram_block1a70" File: /home/aluno/Downloads/Pbl_dos_monstro/db/altsyncram_qrf1.tdf Line: 1583
        Warning (14320): Synthesized away node "rom:inst_rom|altsyncram:altsyncram_component|altsyncram_qrf1:auto_generated|ram_block1a71" File: /home/aluno/Downloads/Pbl_dos_monstro/db/altsyncram_qrf1.tdf Line: 1605
        Warning (14320): Synthesized away node "rom:inst_rom|altsyncram:altsyncram_component|altsyncram_qrf1:auto_generated|ram_block1a75" File: /home/aluno/Downloads/Pbl_dos_monstro/db/altsyncram_qrf1.tdf Line: 1693
        Warning (14320): Synthesized away node "rom:inst_rom|altsyncram:altsyncram_component|altsyncram_qrf1:auto_generated|ram_block1a76" File: /home/aluno/Downloads/Pbl_dos_monstro/db/altsyncram_qrf1.tdf Line: 1715
        Warning (14320): Synthesized away node "rom:inst_rom|altsyncram:altsyncram_component|altsyncram_qrf1:auto_generated|ram_block1a77" File: /home/aluno/Downloads/Pbl_dos_monstro/db/altsyncram_qrf1.tdf Line: 1737
        Warning (14320): Synthesized away node "rom:inst_rom|altsyncram:altsyncram_component|altsyncram_qrf1:auto_generated|ram_block1a78" File: /home/aluno/Downloads/Pbl_dos_monstro/db/altsyncram_qrf1.tdf Line: 1759
        Warning (14320): Synthesized away node "rom:inst_rom|altsyncram:altsyncram_component|altsyncram_qrf1:auto_generated|ram_block1a79" File: /home/aluno/Downloads/Pbl_dos_monstro/db/altsyncram_qrf1.tdf Line: 1781
Warning (13024): Output pins are stuck at VCC or GND
    Warning (13410): Pin "red[0]" is stuck at GND File: /home/aluno/Downloads/Pbl_dos_monstro/main.v Line: 5
    Warning (13410): Pin "red[1]" is stuck at GND File: /home/aluno/Downloads/Pbl_dos_monstro/main.v Line: 5
    Warning (13410): Pin "red[2]" is stuck at GND File: /home/aluno/Downloads/Pbl_dos_monstro/main.v Line: 5
    Warning (13410): Pin "red[3]" is stuck at GND File: /home/aluno/Downloads/Pbl_dos_monstro/main.v Line: 5
    Warning (13410): Pin "red[4]" is stuck at GND File: /home/aluno/Downloads/Pbl_dos_monstro/main.v Line: 5
    Warning (13410): Pin "green[0]" is stuck at GND File: /home/aluno/Downloads/Pbl_dos_monstro/main.v Line: 6
    Warning (13410): Pin "green[1]" is stuck at GND File: /home/aluno/Downloads/Pbl_dos_monstro/main.v Line: 6
    Warning (13410): Pin "green[2]" is stuck at GND File: /home/aluno/Downloads/Pbl_dos_monstro/main.v Line: 6
    Warning (13410): Pin "green[3]" is stuck at GND File: /home/aluno/Downloads/Pbl_dos_monstro/main.v Line: 6
    Warning (13410): Pin "green[4]" is stuck at GND File: /home/aluno/Downloads/Pbl_dos_monstro/main.v Line: 6
    Warning (13410): Pin "blue[0]" is stuck at GND File: /home/aluno/Downloads/Pbl_dos_monstro/main.v Line: 7
    Warning (13410): Pin "blue[1]" is stuck at GND File: /home/aluno/Downloads/Pbl_dos_monstro/main.v Line: 7
    Warning (13410): Pin "blue[2]" is stuck at GND File: /home/aluno/Downloads/Pbl_dos_monstro/main.v Line: 7
    Warning (13410): Pin "blue[3]" is stuck at GND File: /home/aluno/Downloads/Pbl_dos_monstro/main.v Line: 7
    Warning (13410): Pin "blue[4]" is stuck at GND File: /home/aluno/Downloads/Pbl_dos_monstro/main.v Line: 7
    Warning (13410): Pin "sync" is stuck at GND File: /home/aluno/Downloads/Pbl_dos_monstro/main.v Line: 8
Info (286030): Timing-Driven Synthesis is running
Info (17049): 16 registers lost all their fanouts during netlist optimizations.
Info (16010): Generating hard_block partition "hard_block:auto_generated_inst"
    Info (16011): Adding 0 node(s), including 0 DDIO, 0 PLL, 0 transceiver and 0 LCELL
Info (21057): Implemented 206 device resources after synthesis - the final resource count might be different
    Info (21058): Implemented 1 input pins
    Info (21059): Implemented 29 output pins
    Info (21061): Implemented 146 logic cells
    Info (21064): Implemented 30 RAM segments
Info: Quartus Prime Analysis & Synthesis was successful. 0 errors, 75 warnings
    Info: Peak virtual memory: 570 megabytes
    Info: Processing ended: Wed Sep 10 15:12:27 2025
    Info: Elapsed time: 00:00:05
    Info: Total CPU time (on all processors): 00:00:14


